
Showing logs for build [32mcb-kubecd-environment-pr-213-1-wc6z8-1[0m stage [32mfrom-build-pack[0m and container [32mstep-credential-initializer-vj2dz[0m
{"level":"info","ts":1588300265.7237818,"logger":"fallback-logger","caller":"logging/config.go:69","msg":"Fetch GitHub commit ID from kodata failed: open /var/run/ko/refs/heads/0.8.0-ns-support: no such file or directory"}
{"level":"info","ts":1588300265.7248747,"logger":"fallback-logger","caller":"creds-init/main.go:40","msg":"Credentials initialized."}

Showing logs for build [32mcb-kubecd-environment-pr-213-1-wc6z8-1[0m stage [32mfrom-build-pack[0m and container [32mstep-working-dir-initializer-rffsv[0m
{"level":"info","ts":1588300266.4160714,"logger":"fallback-logger","caller":"logging/config.go:69","msg":"Fetch GitHub commit ID from kodata failed: open /var/run/ko/HEAD: no such file or directory"}
{"level":"info","ts":1588300266.418391,"logger":"fallback-logger","caller":"bash/main.go:64","msg":"Successfully executed command \"sh -c mkdir -p /workspace/source\"; output "}

Showing logs for build [32mcb-kubecd-environment-pr-213-1-wc6z8-1[0m stage [32mfrom-build-pack[0m and container [32mstep-place-tools[0m

Showing logs for build [32mcb-kubecd-environment-pr-213-1-wc6z8-1[0m stage [32mfrom-build-pack[0m and container [32mstep-git-source-cb-kubecd-environment-pr-213-1-wc6z8-d82bk[0m
{"level":"info","ts":1588300295.5398872,"logger":"fallback-logger","caller":"logging/config.go:69","msg":"Fetch GitHub commit ID from kodata failed: open /var/run/ko/refs/heads/0.8.0-ns-support: no such file or directory"}
{"level":"info","ts":1588300296.6243863,"logger":"fallback-logger","caller":"git/git.go:103","msg":"Successfully cloned https://github.com/cb-kubecd/environment-pr-213-1-boot-gke-staging.git @ master in path /workspace/source"}

Showing logs for build [32mcb-kubecd-environment-pr-213-1-wc6z8-1[0m stage [32mfrom-build-pack[0m and container [32mstep-git-merge[0m
Using SHAs from PULL_REFS=master:d1c298b7e184e10f9ec9ef2652b0a0c29f9e2bc1,1:97a67851e1b0c9eac67d9a1a74e6bd39df23020b
DEBUG: LC_ALL=C JX_LOG_LEVEL=error git fetch origin --unshallow 97a67851e1b0c9eac67d9a1a74e6bd39df23020b: d1c298b7e184e10f9ec9ef2652b0a0c29f9e2bc1:
DEBUG: ran git fetch --unshallow origin 97a67851e1b0c9eac67d9a1a74e6bd39df23020b: d1c298b7e184e10f9ec9ef2652b0a0c29f9e2bc1: in 
DEBUG: LC_ALL=C JX_LOG_LEVEL=error git branch
DEBUG: LC_ALL=C JX_LOG_LEVEL=error git checkout master
DEBUG: ran git checkout master in 
DEBUG: JX_LOG_LEVEL=error LC_ALL=C git reset --hard d1c298b7e184e10f9ec9ef2652b0a0c29f9e2bc1
DEBUG: ran git reset --hard d1c298b7e184e10f9ec9ef2652b0a0c29f9e2bc1 in 
DEBUG: LC_ALL=C JX_LOG_LEVEL=error git clean -fd .
DEBUG: ran clean --force -d . in 
DEBUG: LC_ALL=C JX_LOG_LEVEL=error git merge 97a67851e1b0c9eac67d9a1a74e6bd39df23020b
DEBUG: ran git merge 97a67851e1b0c9eac67d9a1a74e6bd39df23020b in 
DEBUG: LC_ALL=C JX_LOG_LEVEL=error git log --format=%H%x1f%an%x1f%ae%x1f%cn%x1f%ce%x1f%s%n%b%x1e d1c298b7e184e10f9ec9ef2652b0a0c29f9e2bc1..HEAD
Merged SHA 97a67851e1b0c9eac67d9a1a74e6bd39df23020b with commit message 'chore: Promote bdd-spring-1588299927 to version 0.0.1' into base branch master

Showing logs for build [32mcb-kubecd-environment-pr-213-1-wc6z8-1[0m stage [32mfrom-build-pack[0m and container [32mstep-build-helm-build[0m
WARNING: No $CHART_REPOSITORY defined so using the default value of: http://jenkins-x-chartmuseum:8080
Adding missing Helm repo: storage.googleapis.com https://storage.googleapis.com/chartmuseum.jenkins-x.io
WARNING: No secrets found on "helm/repos" due: reading the secret "helm/repos" from vault: no secret "helm/repos" not found in vault
Read credentials for https://storage.googleapis.com/chartmuseum.jenkins-x.io from vault helm/repos
Successfully added Helm repository storage.googleapis.com.
Adding missing Helm repo: jenkins-x-chartmuseum http://jenkins-x-chartmuseum:8080
WARNING: No secrets found on "helm/repos" due: reading the secret "helm/repos" from vault: no secret "helm/repos" not found in vault
Read credentials for http://jenkins-x-chartmuseum:8080 from vault helm/repos
Successfully added Helm repository jenkins-x-chartmuseum.
WARNING: No $CHART_REPOSITORY defined so using the default value of: http://jenkins-x-chartmuseum:8080
Adding missing Helm repo: chartmuseum.jenkins-x.io http://chartmuseum.jenkins-x.io
WARNING: No secrets found on "helm/repos" due: reading the secret "helm/repos" from vault: no secret "helm/repos" not found in vault
Read credentials for http://chartmuseum.jenkins-x.io from vault helm/repos
Successfully added Helm repository chartmuseum.jenkins-x.io.
